<?xml version="1.0" encoding="UTF-8" ?>
<testsuites>
 <testsuite name="Invoice e2e test" timestamp="2018-09-28T16:42:02" hostname="localhost" time="4.456" errors="0" tests="2" skipped="0" disabled="0" failures="2">
  <testcase classname="Invoice e2e test" name="should load Invoices" time="0.165">
   <failure type="exception" message="Failed: No element found using locator: By(css selector, *[id=&quot;login&quot;])"><![CDATA[NoSuchElementError: No element found using locator: By(css selector, *[id="login"])
    at elementArrayFinder.getWebElements.then (C:\Users\Geoffrey\Documents\e-commerce-app\online-store\node_modules\protractor\lib\element.ts:851:17)
    at process._tickCallback (internal/process/next_tick.js:68:7)Error
    at ElementArrayFinder.applyAction_ (C:\Users\Geoffrey\Documents\e-commerce-app\online-store\node_modules\protractor\lib\element.ts:482:23)
    at ElementArrayFinder.(anonymous function).args [as click] (C:\Users\Geoffrey\Documents\e-commerce-app\online-store\node_modules\protractor\lib\element.ts:96:21)
    at ElementFinder.(anonymous function).args [as click] (C:\Users\Geoffrey\Documents\e-commerce-app\online-store\node_modules\protractor\lib\element.ts:873:14)
    at NavBarPage.<anonymous> (C:\Users\Geoffrey\Documents\e-commerce-app\online-store\src\test\javascript\e2e\page-objects\jhi-page-objects.ts:58:62)
    at step (C:\Users\Geoffrey\Documents\e-commerce-app\online-store\node_modules\tslib\tslib.js:133:27)
    at Object.next (C:\Users\Geoffrey\Documents\e-commerce-app\online-store\node_modules\tslib\tslib.js:114:57)
    at C:\Users\Geoffrey\Documents\e-commerce-app\online-store\node_modules\tslib\tslib.js:107:75
    at new Promise (<anonymous>)
    at Object.__awaiter (C:\Users\Geoffrey\Documents\e-commerce-app\online-store\node_modules\tslib\tslib.js:103:16)
    at NavBarPage.clickOnSignIn (C:\Users\Geoffrey\Documents\e-commerce-app\online-store\src\test\javascript\e2e\page-objects\jhi-page-objects.ts:55:24)
From asynchronous test: 
Error
    at Suite.<anonymous> (C:\Users\Geoffrey\Documents\e-commerce-app\online-store\src\test\javascript\e2e\entities\invoice\invoice.spec.ts:13:5)
    at addSpecsToSuite (C:\Users\Geoffrey\Documents\e-commerce-app\online-store\node_modules\jasmine-core\lib\jasmine-core\jasmine.js:1181:25)
    at Env.describe (C:\Users\Geoffrey\Documents\e-commerce-app\online-store\node_modules\jasmine-core\lib\jasmine-core\jasmine.js:1145:7)
    at describe (C:\Users\Geoffrey\Documents\e-commerce-app\online-store\node_modules\jasmine-core\lib\jasmine-core\jasmine.js:4593:18)
    at Object.<anonymous> (C:\Users\Geoffrey\Documents\e-commerce-app\online-store\src\test\javascript\e2e\entities\invoice\invoice.spec.ts:8:1)
    at Module._compile (internal/modules/cjs/loader.js:689:30)
    at Module.m._compile (C:\Users\Geoffrey\Documents\e-commerce-app\online-store\node_modules\ts-node\src\index.ts:400:23)
    at Module._extensions..js (internal/modules/cjs/loader.js:700:10)
    at Object.require.extensions.(anonymous function) [as .ts] (C:\Users\Geoffrey\Documents\e-commerce-app\online-store\node_modules\ts-node\src\index.ts:403:12)]]>
   </failure>
  </testcase>
  <testcase classname="Invoice e2e test" name="should load create Invoice page" time="0.406">
   <failure type="exception" message="Failed: No element found using locator: By(css selector, *[id=&quot;login&quot;])"><![CDATA[NoSuchElementError: No element found using locator: By(css selector, *[id="login"])
    at elementArrayFinder.getWebElements.then (C:\Users\Geoffrey\Documents\e-commerce-app\online-store\node_modules\protractor\lib\element.ts:851:17)
    at process._tickCallback (internal/process/next_tick.js:68:7)Error
    at ElementArrayFinder.applyAction_ (C:\Users\Geoffrey\Documents\e-commerce-app\online-store\node_modules\protractor\lib\element.ts:482:23)
    at ElementArrayFinder.(anonymous function).args [as click] (C:\Users\Geoffrey\Documents\e-commerce-app\online-store\node_modules\protractor\lib\element.ts:96:21)
    at ElementFinder.(anonymous function).args [as click] (C:\Users\Geoffrey\Documents\e-commerce-app\online-store\node_modules\protractor\lib\element.ts:873:14)
    at NavBarPage.<anonymous> (C:\Users\Geoffrey\Documents\e-commerce-app\online-store\src\test\javascript\e2e\page-objects\jhi-page-objects.ts:58:62)
    at step (C:\Users\Geoffrey\Documents\e-commerce-app\online-store\node_modules\tslib\tslib.js:133:27)
    at Object.next (C:\Users\Geoffrey\Documents\e-commerce-app\online-store\node_modules\tslib\tslib.js:114:57)
    at C:\Users\Geoffrey\Documents\e-commerce-app\online-store\node_modules\tslib\tslib.js:107:75
    at new Promise (<anonymous>)
    at Object.__awaiter (C:\Users\Geoffrey\Documents\e-commerce-app\online-store\node_modules\tslib\tslib.js:103:16)
    at NavBarPage.clickOnSignIn (C:\Users\Geoffrey\Documents\e-commerce-app\online-store\src\test\javascript\e2e\page-objects\jhi-page-objects.ts:55:24)
From asynchronous test: 
Error
    at Suite.<anonymous> (C:\Users\Geoffrey\Documents\e-commerce-app\online-store\src\test\javascript\e2e\entities\invoice\invoice.spec.ts:13:5)
    at addSpecsToSuite (C:\Users\Geoffrey\Documents\e-commerce-app\online-store\node_modules\jasmine-core\lib\jasmine-core\jasmine.js:1181:25)
    at Env.describe (C:\Users\Geoffrey\Documents\e-commerce-app\online-store\node_modules\jasmine-core\lib\jasmine-core\jasmine.js:1145:7)
    at describe (C:\Users\Geoffrey\Documents\e-commerce-app\online-store\node_modules\jasmine-core\lib\jasmine-core\jasmine.js:4593:18)
    at Object.<anonymous> (C:\Users\Geoffrey\Documents\e-commerce-app\online-store\src\test\javascript\e2e\entities\invoice\invoice.spec.ts:8:1)
    at Module._compile (internal/modules/cjs/loader.js:689:30)
    at Module.m._compile (C:\Users\Geoffrey\Documents\e-commerce-app\online-store\node_modules\ts-node\src\index.ts:400:23)
    at Module._extensions..js (internal/modules/cjs/loader.js:700:10)
    at Object.require.extensions.(anonymous function) [as .ts] (C:\Users\Geoffrey\Documents\e-commerce-app\online-store\node_modules\ts-node\src\index.ts:403:12)]]>
   </failure>
  </testcase>
 </testsuite>
</testsuites>